2021-07-12 17:18:59.245  @project.name@ [background-preinit] [] INFO  o.h.validator.internal.util.Version — HV000001: Hibernate Validator 6.2.0.Final
2021-07-12 17:18:59.281  @project.name@ [main] [] INFO  com.hyutao.core.CoreApplication — Starting CoreApplication using Java 1.8.0_101 on LAPTOP-PK2MOPFC with PID 13216 (X:\2021-Java-SpringBoot\target\classes started by tao in X:\2021-Java-SpringBoot)
2021-07-12 17:18:59.282  @project.name@ [main] [] INFO  com.hyutao.core.CoreApplication — The following profiles are active: dev
2021-07-12 17:19:00.862  @project.name@ [main] [] INFO  o.s.b.w.e.tomcat.TomcatWebServer — Tomcat initialized with port(s): 8090 (http)
2021-07-12 17:19:00.872  @project.name@ [main] [] INFO  o.a.coyote.http11.Http11NioProtocol — Initializing ProtocolHandler ["http-nio-8090"]
2021-07-12 17:19:00.873  @project.name@ [main] [] INFO  o.a.catalina.core.StandardService — Starting service [Tomcat]
2021-07-12 17:19:00.874  @project.name@ [main] [] INFO  o.a.catalina.core.StandardEngine — Starting Servlet engine: [Apache Tomcat/9.0.46]
2021-07-12 17:19:00.994  @project.name@ [main] [] INFO  o.a.c.c.C.[.[localhost].[/api] — Initializing Spring embedded WebApplicationContext
2021-07-12 17:19:00.995  @project.name@ [main] [] INFO  o.s.b.w.s.c.ServletWebServerApplicationContext — Root WebApplicationContext: initialization completed in 1662 ms
2021-07-12 17:19:04.138  @project.name@ [main] [] INFO  com.zaxxer.hikari.HikariDataSource — DatebookHikariCP - Starting...
2021-07-12 17:19:04.323  @project.name@ [main] [] INFO  com.zaxxer.hikari.HikariDataSource — DatebookHikariCP - Start completed.
2021-07-12 17:19:04.383  @project.name@ [main] [] INFO  o.s.b.a.s.s.UserDetailsServiceAutoConfiguration — 

Using generated security password: 4bd3b64d-55fe-47e9-b95a-f815225c00dc

2021-07-12 17:19:04.532  @project.name@ [main] [] INFO  o.s.s.web.DefaultSecurityFilterChain — Will secure any request with [org.springframework.security.web.context.request.async.WebAsyncManagerIntegrationFilter@2b916808, org.springframework.security.web.context.SecurityContextPersistenceFilter@f8a6243, org.springframework.security.web.header.HeaderWriterFilter@7c281eb8, org.springframework.security.web.csrf.CsrfFilter@343e225a, org.springframework.security.web.authentication.logout.LogoutFilter@4d157493, org.springframework.security.web.authentication.UsernamePasswordAuthenticationFilter@64da6cbd, org.springframework.security.web.authentication.ui.DefaultLoginPageGeneratingFilter@37348491, org.springframework.security.web.authentication.ui.DefaultLogoutPageGeneratingFilter@62f11ebb, org.springframework.security.web.authentication.www.BasicAuthenticationFilter@2d0b05, org.springframework.security.web.savedrequest.RequestCacheAwareFilter@1727e03a, org.springframework.security.web.servletapi.SecurityContextHolderAwareRequestFilter@35b17c06, org.springframework.security.web.authentication.AnonymousAuthenticationFilter@a6c54c3, org.springframework.security.web.session.SessionManagementFilter@29be997f, org.springframework.security.web.access.ExceptionTranslationFilter@79696332, org.springframework.security.web.access.intercept.FilterSecurityInterceptor@2eda072]
2021-07-12 17:19:04.617  @project.name@ [main] [] INFO  o.a.coyote.http11.Http11NioProtocol — Starting ProtocolHandler ["http-nio-8090"]
2021-07-12 17:19:04.644  @project.name@ [main] [] INFO  o.s.b.w.e.tomcat.TomcatWebServer — Tomcat started on port(s): 8090 (http) with context path '/api'
2021-07-12 17:19:04.658  @project.name@ [main] [] INFO  com.hyutao.core.CoreApplication — Started CoreApplication in 6.095 seconds (JVM running for 7.922)
2021-07-12 17:20:14.163  @project.name@ [http-nio-8090-exec-1] [] INFO  o.a.c.c.C.[.[localhost].[/api] — Initializing Spring DispatcherServlet 'dispatcherServlet'
2021-07-12 17:20:14.163  @project.name@ [http-nio-8090-exec-1] [] INFO  o.s.web.servlet.DispatcherServlet — Initializing Servlet 'dispatcherServlet'
2021-07-12 17:20:14.164  @project.name@ [http-nio-8090-exec-1] [] INFO  o.s.web.servlet.DispatcherServlet — Completed initialization in 1 ms
2021-07-12 17:21:20.324  @project.name@ [background-preinit] [] INFO  o.h.validator.internal.util.Version — HV000001: Hibernate Validator 6.2.0.Final
2021-07-12 17:21:20.350  @project.name@ [main] [] INFO  com.hyutao.core.CoreApplication — Starting CoreApplication using Java 1.8.0_101 on LAPTOP-PK2MOPFC with PID 16336 (X:\2021-Java-SpringBoot\target\classes started by tao in X:\2021-Java-SpringBoot)
2021-07-12 17:21:20.351  @project.name@ [main] [] INFO  com.hyutao.core.CoreApplication — The following profiles are active: dev
2021-07-12 17:21:21.673  @project.name@ [main] [] INFO  o.s.b.w.e.tomcat.TomcatWebServer — Tomcat initialized with port(s): 8090 (http)
2021-07-12 17:21:21.683  @project.name@ [main] [] INFO  o.a.coyote.http11.Http11NioProtocol — Initializing ProtocolHandler ["http-nio-8090"]
2021-07-12 17:21:21.683  @project.name@ [main] [] INFO  o.a.catalina.core.StandardService — Starting service [Tomcat]
2021-07-12 17:21:21.684  @project.name@ [main] [] INFO  o.a.catalina.core.StandardEngine — Starting Servlet engine: [Apache Tomcat/9.0.46]
2021-07-12 17:21:21.797  @project.name@ [main] [] INFO  o.a.c.c.C.[.[localhost].[/api] — Initializing Spring embedded WebApplicationContext
2021-07-12 17:21:21.798  @project.name@ [main] [] INFO  o.s.b.w.s.c.ServletWebServerApplicationContext — Root WebApplicationContext: initialization completed in 1404 ms
2021-07-12 17:21:24.795  @project.name@ [main] [] INFO  com.zaxxer.hikari.HikariDataSource — DatebookHikariCP - Starting...
2021-07-12 17:21:24.948  @project.name@ [main] [] INFO  com.zaxxer.hikari.HikariDataSource — DatebookHikariCP - Start completed.
2021-07-12 17:21:25.007  @project.name@ [main] [] INFO  o.a.coyote.http11.Http11NioProtocol — Starting ProtocolHandler ["http-nio-8090"]
2021-07-12 17:21:25.027  @project.name@ [main] [] INFO  o.s.b.w.e.tomcat.TomcatWebServer — Tomcat started on port(s): 8090 (http) with context path '/api'
2021-07-12 17:21:25.039  @project.name@ [main] [] INFO  com.hyutao.core.CoreApplication — Started CoreApplication in 5.361 seconds (JVM running for 7.384)
2021-07-12 17:24:36.128  @project.name@ [http-nio-8090-exec-2] [] INFO  o.a.c.c.C.[.[localhost].[/api] — Initializing Spring DispatcherServlet 'dispatcherServlet'
2021-07-12 17:24:36.128  @project.name@ [http-nio-8090-exec-2] [] INFO  o.s.web.servlet.DispatcherServlet — Initializing Servlet 'dispatcherServlet'
2021-07-12 17:24:36.129  @project.name@ [http-nio-8090-exec-2] [] INFO  o.s.web.servlet.DispatcherServlet — Completed initialization in 1 ms
2021-07-12 17:24:36.147  @project.name@ [http-nio-8090-exec-2] [] WARN  o.s.w.s.m.s.DefaultHandlerExceptionResolver — Resolved [org.springframework.web.HttpRequestMethodNotSupportedException: Request method 'GET' not supported]
2021-07-12 17:27:17.523  @project.name@ [background-preinit] [] INFO  o.h.validator.internal.util.Version — HV000001: Hibernate Validator 6.2.0.Final
2021-07-12 17:27:17.558  @project.name@ [main] [] INFO  com.hyutao.core.CoreApplication — Starting CoreApplication using Java 1.8.0_101 on LAPTOP-PK2MOPFC with PID 16676 (X:\2021-Java-SpringBoot\target\classes started by tao in X:\2021-Java-SpringBoot)
2021-07-12 17:27:17.559  @project.name@ [main] [] INFO  com.hyutao.core.CoreApplication — The following profiles are active: dev
2021-07-12 17:27:19.001  @project.name@ [main] [] INFO  o.s.b.w.e.tomcat.TomcatWebServer — Tomcat initialized with port(s): 8090 (http)
2021-07-12 17:27:19.010  @project.name@ [main] [] INFO  o.a.coyote.http11.Http11NioProtocol — Initializing ProtocolHandler ["http-nio-8090"]
2021-07-12 17:27:19.011  @project.name@ [main] [] INFO  o.a.catalina.core.StandardService — Starting service [Tomcat]
2021-07-12 17:27:19.011  @project.name@ [main] [] INFO  o.a.catalina.core.StandardEngine — Starting Servlet engine: [Apache Tomcat/9.0.46]
2021-07-12 17:27:19.143  @project.name@ [main] [] INFO  o.a.c.c.C.[.[localhost].[/api] — Initializing Spring embedded WebApplicationContext
2021-07-12 17:27:19.143  @project.name@ [main] [] INFO  o.s.b.w.s.c.ServletWebServerApplicationContext — Root WebApplicationContext: initialization completed in 1518 ms
2021-07-12 17:27:22.214  @project.name@ [main] [] INFO  com.zaxxer.hikari.HikariDataSource — DatebookHikariCP - Starting...
2021-07-12 17:27:22.367  @project.name@ [main] [] INFO  com.zaxxer.hikari.HikariDataSource — DatebookHikariCP - Start completed.
2021-07-12 17:27:22.429  @project.name@ [main] [] INFO  o.a.coyote.http11.Http11NioProtocol — Starting ProtocolHandler ["http-nio-8090"]
2021-07-12 17:27:22.451  @project.name@ [main] [] INFO  o.s.b.w.e.tomcat.TomcatWebServer — Tomcat started on port(s): 8090 (http) with context path '/api'
2021-07-12 17:27:22.462  @project.name@ [main] [] INFO  com.hyutao.core.CoreApplication — Started CoreApplication in 5.636 seconds (JVM running for 7.689)
2021-07-12 17:27:47.590  @project.name@ [http-nio-8090-exec-2] [] INFO  o.a.c.c.C.[.[localhost].[/api] — Initializing Spring DispatcherServlet 'dispatcherServlet'
2021-07-12 17:27:47.590  @project.name@ [http-nio-8090-exec-2] [] INFO  o.s.web.servlet.DispatcherServlet — Initializing Servlet 'dispatcherServlet'
2021-07-12 17:27:47.591  @project.name@ [http-nio-8090-exec-2] [] INFO  o.s.web.servlet.DispatcherServlet — Completed initialization in 1 ms
2021-07-12 17:27:47.782  @project.name@ [http-nio-8090-exec-2] [] WARN  o.s.w.s.m.s.DefaultHandlerExceptionResolver — Resolved [org.springframework.web.bind.MethodArgumentNotValidException: Validation failed for argument [0] in public com.hyutao.core.common.bean.ResultBean com.hyutao.core.modular.controller.BookController.addClass(com.hyutao.core.modular.pojo.form.BookForm): [Field error in object 'bookForm' on field 'number': rejected value [null]; codes [NotNull.bookForm.number,NotNull.number,NotNull.java.lang.String,NotNull]; arguments [org.springframework.context.support.DefaultMessageSourceResolvable: codes [bookForm.number,number]; arguments []; default message [number]]; default message [书籍编号不可为空]] ]
2021-07-12 17:27:55.583  @project.name@ [http-nio-8090-exec-4] [] WARN  o.s.w.s.m.s.DefaultHandlerExceptionResolver — Resolved [org.springframework.web.bind.MethodArgumentNotValidException: Validation failed for argument [0] in public com.hyutao.core.common.bean.ResultBean com.hyutao.core.modular.controller.BookController.addClass(com.hyutao.core.modular.pojo.form.BookForm): [Field error in object 'bookForm' on field 'number': rejected value [null]; codes [NotNull.bookForm.number,NotNull.number,NotNull.java.lang.String,NotNull]; arguments [org.springframework.context.support.DefaultMessageSourceResolvable: codes [bookForm.number,number]; arguments []; default message [number]]; default message [书籍编号不可为空]] ]
2021-07-12 17:28:33.437  @project.name@ [http-nio-8090-exec-6] [] WARN  o.s.w.s.m.s.DefaultHandlerExceptionResolver — Resolved [org.springframework.web.HttpRequestMethodNotSupportedException: Request method 'GET' not supported]
2021-07-12 17:32:27.653  @project.name@ [background-preinit] [] INFO  o.h.validator.internal.util.Version — HV000001: Hibernate Validator 6.2.0.Final
2021-07-12 17:32:27.681  @project.name@ [main] [] INFO  com.hyutao.core.CoreApplication — Starting CoreApplication using Java 1.8.0_101 on LAPTOP-PK2MOPFC with PID 16456 (X:\2021-Java-SpringBoot\target\classes started by tao in X:\2021-Java-SpringBoot)
2021-07-12 17:32:27.682  @project.name@ [main] [] INFO  com.hyutao.core.CoreApplication — The following profiles are active: dev
2021-07-12 17:32:28.995  @project.name@ [main] [] INFO  o.s.b.w.e.tomcat.TomcatWebServer — Tomcat initialized with port(s): 8090 (http)
2021-07-12 17:32:29.003  @project.name@ [main] [] INFO  o.a.coyote.http11.Http11NioProtocol — Initializing ProtocolHandler ["http-nio-8090"]
2021-07-12 17:32:29.004  @project.name@ [main] [] INFO  o.a.catalina.core.StandardService — Starting service [Tomcat]
2021-07-12 17:32:29.004  @project.name@ [main] [] INFO  o.a.catalina.core.StandardEngine — Starting Servlet engine: [Apache Tomcat/9.0.46]
2021-07-12 17:32:29.122  @project.name@ [main] [] INFO  o.a.c.c.C.[.[localhost].[/api] — Initializing Spring embedded WebApplicationContext
2021-07-12 17:32:29.123  @project.name@ [main] [] INFO  o.s.b.w.s.c.ServletWebServerApplicationContext — Root WebApplicationContext: initialization completed in 1391 ms
2021-07-12 17:32:32.128  @project.name@ [main] [] INFO  com.zaxxer.hikari.HikariDataSource — DatebookHikariCP - Starting...
2021-07-12 17:32:32.280  @project.name@ [main] [] INFO  com.zaxxer.hikari.HikariDataSource — DatebookHikariCP - Start completed.
2021-07-12 17:32:32.336  @project.name@ [main] [] INFO  o.a.coyote.http11.Http11NioProtocol — Starting ProtocolHandler ["http-nio-8090"]
2021-07-12 17:32:32.356  @project.name@ [main] [] INFO  o.s.b.w.e.tomcat.TomcatWebServer — Tomcat started on port(s): 8090 (http) with context path '/api'
2021-07-12 17:32:32.366  @project.name@ [main] [] INFO  com.hyutao.core.CoreApplication — Started CoreApplication in 5.411 seconds (JVM running for 7.309)
2021-07-12 17:33:29.573  @project.name@ [http-nio-8090-exec-1] [] INFO  o.a.c.c.C.[.[localhost].[/api] — Initializing Spring DispatcherServlet 'dispatcherServlet'
2021-07-12 17:33:29.573  @project.name@ [http-nio-8090-exec-1] [] INFO  o.s.web.servlet.DispatcherServlet — Initializing Servlet 'dispatcherServlet'
2021-07-12 17:33:29.574  @project.name@ [http-nio-8090-exec-1] [] INFO  o.s.web.servlet.DispatcherServlet — Completed initialization in 1 ms
2021-07-12 17:33:29.592  @project.name@ [http-nio-8090-exec-1] [] ERROR c.h.c.c.h.GlobalExceptionHandler — 异常信息:ResultBean(code=4004, data=null, msg=Request method 'GET' not supported, timestamp=1626082409590)
org.springframework.web.HttpRequestMethodNotSupportedException: Request method 'GET' not supported
	at org.springframework.web.servlet.mvc.method.RequestMappingInfoHandlerMapping.handleNoMatch(RequestMappingInfoHandlerMapping.java:253)
	at org.springframework.web.servlet.handler.AbstractHandlerMethodMapping.lookupHandlerMethod(AbstractHandlerMethodMapping.java:436)
	at org.springframework.web.servlet.handler.AbstractHandlerMethodMapping.getHandlerInternal(AbstractHandlerMethodMapping.java:377)
	at org.springframework.web.servlet.mvc.method.RequestMappingInfoHandlerMapping.getHandlerInternal(RequestMappingInfoHandlerMapping.java:125)
	at org.springframework.web.servlet.mvc.method.RequestMappingInfoHandlerMapping.getHandlerInternal(RequestMappingInfoHandlerMapping.java:67)
	at org.springframework.web.servlet.handler.AbstractHandlerMapping.getHandler(AbstractHandlerMapping.java:498)
	at org.springframework.web.servlet.DispatcherServlet.getHandler(DispatcherServlet.java:1257)
	at org.springframework.web.servlet.DispatcherServlet.doDispatch(DispatcherServlet.java:1039)
	at org.springframework.web.servlet.DispatcherServlet.doService(DispatcherServlet.java:963)
	at org.springframework.web.servlet.FrameworkServlet.processRequest(FrameworkServlet.java:1006)
	at org.springframework.web.servlet.FrameworkServlet.doGet(FrameworkServlet.java:898)
	at javax.servlet.http.HttpServlet.service(HttpServlet.java:626)
	at org.springframework.web.servlet.FrameworkServlet.service(FrameworkServlet.java:883)
	at javax.servlet.http.HttpServlet.service(HttpServlet.java:733)
	at org.apache.catalina.core.ApplicationFilterChain.internalDoFilter(ApplicationFilterChain.java:227)
	at org.apache.catalina.core.ApplicationFilterChain.doFilter(ApplicationFilterChain.java:162)
	at org.apache.tomcat.websocket.server.WsFilter.doFilter(WsFilter.java:53)
	at org.apache.catalina.core.ApplicationFilterChain.internalDoFilter(ApplicationFilterChain.java:189)
	at org.apache.catalina.core.ApplicationFilterChain.doFilter(ApplicationFilterChain.java:162)
	at org.springframework.web.filter.RequestContextFilter.doFilterInternal(RequestContextFilter.java:100)
	at org.springframework.web.filter.OncePerRequestFilter.doFilter(OncePerRequestFilter.java:119)
	at org.apache.catalina.core.ApplicationFilterChain.internalDoFilter(ApplicationFilterChain.java:189)
	at org.apache.catalina.core.ApplicationFilterChain.doFilter(ApplicationFilterChain.java:162)
	at org.springframework.web.filter.FormContentFilter.doFilterInternal(FormContentFilter.java:93)
	at org.springframework.web.filter.OncePerRequestFilter.doFilter(OncePerRequestFilter.java:119)
	at org.apache.catalina.core.ApplicationFilterChain.internalDoFilter(ApplicationFilterChain.java:189)
	at org.apache.catalina.core.ApplicationFilterChain.doFilter(ApplicationFilterChain.java:162)
	at org.springframework.web.filter.CharacterEncodingFilter.doFilterInternal(CharacterEncodingFilter.java:201)
	at org.springframework.web.filter.OncePerRequestFilter.doFilter(OncePerRequestFilter.java:119)
	at org.apache.catalina.core.ApplicationFilterChain.internalDoFilter(ApplicationFilterChain.java:189)
	at org.apache.catalina.core.ApplicationFilterChain.doFilter(ApplicationFilterChain.java:162)
	at org.apache.catalina.core.StandardWrapperValve.invoke(StandardWrapperValve.java:202)
	at org.apache.catalina.core.StandardContextValve.invoke(StandardContextValve.java:97)
	at org.apache.catalina.authenticator.AuthenticatorBase.invoke(AuthenticatorBase.java:542)
	at org.apache.catalina.core.StandardHostValve.invoke(StandardHostValve.java:143)
	at org.apache.catalina.valves.ErrorReportValve.invoke(ErrorReportValve.java:92)
	at org.apache.catalina.core.StandardEngineValve.invoke(StandardEngineValve.java:78)
	at org.apache.catalina.connector.CoyoteAdapter.service(CoyoteAdapter.java:357)
	at org.apache.coyote.http11.Http11Processor.service(Http11Processor.java:374)
	at org.apache.coyote.AbstractProcessorLight.process(AbstractProcessorLight.java:65)
	at org.apache.coyote.AbstractProtocol$ConnectionHandler.process(AbstractProtocol.java:893)
	at org.apache.tomcat.util.net.NioEndpoint$SocketProcessor.doRun(NioEndpoint.java:1707)
	at org.apache.tomcat.util.net.SocketProcessorBase.run(SocketProcessorBase.java:49)
	at java.util.concurrent.ThreadPoolExecutor.runWorker(ThreadPoolExecutor.java:1142)
	at java.util.concurrent.ThreadPoolExecutor$Worker.run(ThreadPoolExecutor.java:617)
	at org.apache.tomcat.util.threads.TaskThread$WrappingRunnable.run(TaskThread.java:61)
	at java.lang.Thread.run(Thread.java:745)
2021-07-12 17:34:47.481  @project.name@ [http-nio-8090-exec-5] [] ERROR c.h.c.c.h.GlobalExceptionHandler — 异常信息:ResultBean(code=4004, data=null, msg=书籍编号不可为空;, timestamp=1626082487481)
org.springframework.web.bind.MethodArgumentNotValidException: Validation failed for argument [0] in public com.hyutao.core.common.bean.ResultBean com.hyutao.core.modular.controller.BookController.addClass(com.hyutao.core.modular.pojo.form.BookForm): [Field error in object 'bookForm' on field 'number': rejected value [null]; codes [NotNull.bookForm.number,NotNull.number,NotNull.java.lang.String,NotNull]; arguments [org.springframework.context.support.DefaultMessageSourceResolvable: codes [bookForm.number,number]; arguments []; default message [number]]; default message [书籍编号不可为空]] 
	at org.springframework.web.servlet.mvc.method.annotation.RequestResponseBodyMethodProcessor.resolveArgument(RequestResponseBodyMethodProcessor.java:139)
	at org.springframework.web.method.support.HandlerMethodArgumentResolverComposite.resolveArgument(HandlerMethodArgumentResolverComposite.java:121)
	at org.springframework.web.method.support.InvocableHandlerMethod.getMethodArgumentValues(InvocableHandlerMethod.java:170)
	at org.springframework.web.method.support.InvocableHandlerMethod.invokeForRequest(InvocableHandlerMethod.java:137)
	at org.springframework.web.servlet.mvc.method.annotation.ServletInvocableHandlerMethod.invokeAndHandle(ServletInvocableHandlerMethod.java:106)
	at org.springframework.web.servlet.mvc.method.annotation.RequestMappingHandlerAdapter.invokeHandlerMethod(RequestMappingHandlerAdapter.java:894)
	at org.springframework.web.servlet.mvc.method.annotation.RequestMappingHandlerAdapter.handleInternal(RequestMappingHandlerAdapter.java:808)
	at org.springframework.web.servlet.mvc.method.AbstractHandlerMethodAdapter.handle(AbstractHandlerMethodAdapter.java:87)
	at org.springframework.web.servlet.DispatcherServlet.doDispatch(DispatcherServlet.java:1063)
	at org.springframework.web.servlet.DispatcherServlet.doService(DispatcherServlet.java:963)
	at org.springframework.web.servlet.FrameworkServlet.processRequest(FrameworkServlet.java:1006)
	at org.springframework.web.servlet.FrameworkServlet.doPost(FrameworkServlet.java:909)
	at javax.servlet.http.HttpServlet.service(HttpServlet.java:652)
	at org.springframework.web.servlet.FrameworkServlet.service(FrameworkServlet.java:883)
	at javax.servlet.http.HttpServlet.service(HttpServlet.java:733)
	at org.apache.catalina.core.ApplicationFilterChain.internalDoFilter(ApplicationFilterChain.java:227)
	at org.apache.catalina.core.ApplicationFilterChain.doFilter(ApplicationFilterChain.java:162)
	at org.apache.tomcat.websocket.server.WsFilter.doFilter(WsFilter.java:53)
	at org.apache.catalina.core.ApplicationFilterChain.internalDoFilter(ApplicationFilterChain.java:189)
	at org.apache.catalina.core.ApplicationFilterChain.doFilter(ApplicationFilterChain.java:162)
	at org.springframework.web.filter.RequestContextFilter.doFilterInternal(RequestContextFilter.java:100)
	at org.springframework.web.filter.OncePerRequestFilter.doFilter(OncePerRequestFilter.java:119)
	at org.apache.catalina.core.ApplicationFilterChain.internalDoFilter(ApplicationFilterChain.java:189)
	at org.apache.catalina.core.ApplicationFilterChain.doFilter(ApplicationFilterChain.java:162)
	at org.springframework.web.filter.FormContentFilter.doFilterInternal(FormContentFilter.java:93)
	at org.springframework.web.filter.OncePerRequestFilter.doFilter(OncePerRequestFilter.java:119)
	at org.apache.catalina.core.ApplicationFilterChain.internalDoFilter(ApplicationFilterChain.java:189)
	at org.apache.catalina.core.ApplicationFilterChain.doFilter(ApplicationFilterChain.java:162)
	at org.springframework.web.filter.CharacterEncodingFilter.doFilterInternal(CharacterEncodingFilter.java:201)
	at org.springframework.web.filter.OncePerRequestFilter.doFilter(OncePerRequestFilter.java:119)
	at org.apache.catalina.core.ApplicationFilterChain.internalDoFilter(ApplicationFilterChain.java:189)
	at org.apache.catalina.core.ApplicationFilterChain.doFilter(ApplicationFilterChain.java:162)
	at org.apache.catalina.core.StandardWrapperValve.invoke(StandardWrapperValve.java:202)
	at org.apache.catalina.core.StandardContextValve.invoke(StandardContextValve.java:97)
	at org.apache.catalina.authenticator.AuthenticatorBase.invoke(AuthenticatorBase.java:542)
	at org.apache.catalina.core.StandardHostValve.invoke(StandardHostValve.java:143)
	at org.apache.catalina.valves.ErrorReportValve.invoke(ErrorReportValve.java:92)
	at org.apache.catalina.core.StandardEngineValve.invoke(StandardEngineValve.java:78)
	at org.apache.catalina.connector.CoyoteAdapter.service(CoyoteAdapter.java:357)
	at org.apache.coyote.http11.Http11Processor.service(Http11Processor.java:374)
	at org.apache.coyote.AbstractProcessorLight.process(AbstractProcessorLight.java:65)
	at org.apache.coyote.AbstractProtocol$ConnectionHandler.process(AbstractProtocol.java:893)
	at org.apache.tomcat.util.net.NioEndpoint$SocketProcessor.doRun(NioEndpoint.java:1707)
	at org.apache.tomcat.util.net.SocketProcessorBase.run(SocketProcessorBase.java:49)
	at java.util.concurrent.ThreadPoolExecutor.runWorker(ThreadPoolExecutor.java:1142)
	at java.util.concurrent.ThreadPoolExecutor$Worker.run(ThreadPoolExecutor.java:617)
	at org.apache.tomcat.util.threads.TaskThread$WrappingRunnable.run(TaskThread.java:61)
	at java.lang.Thread.run(Thread.java:745)
2021-07-12 17:34:55.843  @project.name@ [http-nio-8090-exec-6] [] ERROR c.h.c.c.h.GlobalExceptionHandler — 异常信息:ResultBean(code=4004, data=null, msg=书籍编号不可为空;书籍名称不可为空;, timestamp=1626082495843)
org.springframework.web.bind.MethodArgumentNotValidException: Validation failed for argument [0] in public com.hyutao.core.common.bean.ResultBean com.hyutao.core.modular.controller.BookController.addClass(com.hyutao.core.modular.pojo.form.BookForm) with 2 errors: [Field error in object 'bookForm' on field 'number': rejected value [null]; codes [NotNull.bookForm.number,NotNull.number,NotNull.java.lang.String,NotNull]; arguments [org.springframework.context.support.DefaultMessageSourceResolvable: codes [bookForm.number,number]; arguments []; default message [number]]; default message [书籍编号不可为空]] [Field error in object 'bookForm' on field 'name': rejected value [null]; codes [NotNull.bookForm.name,NotNull.name,NotNull.java.lang.String,NotNull]; arguments [org.springframework.context.support.DefaultMessageSourceResolvable: codes [bookForm.name,name]; arguments []; default message [name]]; default message [书籍名称不可为空]] 
	at org.springframework.web.servlet.mvc.method.annotation.RequestResponseBodyMethodProcessor.resolveArgument(RequestResponseBodyMethodProcessor.java:139)
	at org.springframework.web.method.support.HandlerMethodArgumentResolverComposite.resolveArgument(HandlerMethodArgumentResolverComposite.java:121)
	at org.springframework.web.method.support.InvocableHandlerMethod.getMethodArgumentValues(InvocableHandlerMethod.java:170)
	at org.springframework.web.method.support.InvocableHandlerMethod.invokeForRequest(InvocableHandlerMethod.java:137)
	at org.springframework.web.servlet.mvc.method.annotation.ServletInvocableHandlerMethod.invokeAndHandle(ServletInvocableHandlerMethod.java:106)
	at org.springframework.web.servlet.mvc.method.annotation.RequestMappingHandlerAdapter.invokeHandlerMethod(RequestMappingHandlerAdapter.java:894)
	at org.springframework.web.servlet.mvc.method.annotation.RequestMappingHandlerAdapter.handleInternal(RequestMappingHandlerAdapter.java:808)
	at org.springframework.web.servlet.mvc.method.AbstractHandlerMethodAdapter.handle(AbstractHandlerMethodAdapter.java:87)
	at org.springframework.web.servlet.DispatcherServlet.doDispatch(DispatcherServlet.java:1063)
	at org.springframework.web.servlet.DispatcherServlet.doService(DispatcherServlet.java:963)
	at org.springframework.web.servlet.FrameworkServlet.processRequest(FrameworkServlet.java:1006)
	at org.springframework.web.servlet.FrameworkServlet.doPost(FrameworkServlet.java:909)
	at javax.servlet.http.HttpServlet.service(HttpServlet.java:652)
	at org.springframework.web.servlet.FrameworkServlet.service(FrameworkServlet.java:883)
	at javax.servlet.http.HttpServlet.service(HttpServlet.java:733)
	at org.apache.catalina.core.ApplicationFilterChain.internalDoFilter(ApplicationFilterChain.java:227)
	at org.apache.catalina.core.ApplicationFilterChain.doFilter(ApplicationFilterChain.java:162)
	at org.apache.tomcat.websocket.server.WsFilter.doFilter(WsFilter.java:53)
	at org.apache.catalina.core.ApplicationFilterChain.internalDoFilter(ApplicationFilterChain.java:189)
	at org.apache.catalina.core.ApplicationFilterChain.doFilter(ApplicationFilterChain.java:162)
	at org.springframework.web.filter.RequestContextFilter.doFilterInternal(RequestContextFilter.java:100)
	at org.springframework.web.filter.OncePerRequestFilter.doFilter(OncePerRequestFilter.java:119)
	at org.apache.catalina.core.ApplicationFilterChain.internalDoFilter(ApplicationFilterChain.java:189)
	at org.apache.catalina.core.ApplicationFilterChain.doFilter(ApplicationFilterChain.java:162)
	at org.springframework.web.filter.FormContentFilter.doFilterInternal(FormContentFilter.java:93)
	at org.springframework.web.filter.OncePerRequestFilter.doFilter(OncePerRequestFilter.java:119)
	at org.apache.catalina.core.ApplicationFilterChain.internalDoFilter(ApplicationFilterChain.java:189)
	at org.apache.catalina.core.ApplicationFilterChain.doFilter(ApplicationFilterChain.java:162)
	at org.springframework.web.filter.CharacterEncodingFilter.doFilterInternal(CharacterEncodingFilter.java:201)
	at org.springframework.web.filter.OncePerRequestFilter.doFilter(OncePerRequestFilter.java:119)
	at org.apache.catalina.core.ApplicationFilterChain.internalDoFilter(ApplicationFilterChain.java:189)
	at org.apache.catalina.core.ApplicationFilterChain.doFilter(ApplicationFilterChain.java:162)
	at org.apache.catalina.core.StandardWrapperValve.invoke(StandardWrapperValve.java:202)
	at org.apache.catalina.core.StandardContextValve.invoke(StandardContextValve.java:97)
	at org.apache.catalina.authenticator.AuthenticatorBase.invoke(AuthenticatorBase.java:542)
	at org.apache.catalina.core.StandardHostValve.invoke(StandardHostValve.java:143)
	at org.apache.catalina.valves.ErrorReportValve.invoke(ErrorReportValve.java:92)
	at org.apache.catalina.core.StandardEngineValve.invoke(StandardEngineValve.java:78)
	at org.apache.catalina.connector.CoyoteAdapter.service(CoyoteAdapter.java:357)
	at org.apache.coyote.http11.Http11Processor.service(Http11Processor.java:374)
	at org.apache.coyote.AbstractProcessorLight.process(AbstractProcessorLight.java:65)
	at org.apache.coyote.AbstractProtocol$ConnectionHandler.process(AbstractProtocol.java:893)
	at org.apache.tomcat.util.net.NioEndpoint$SocketProcessor.doRun(NioEndpoint.java:1707)
	at org.apache.tomcat.util.net.SocketProcessorBase.run(SocketProcessorBase.java:49)
	at java.util.concurrent.ThreadPoolExecutor.runWorker(ThreadPoolExecutor.java:1142)
	at java.util.concurrent.ThreadPoolExecutor$Worker.run(ThreadPoolExecutor.java:617)
	at org.apache.tomcat.util.threads.TaskThread$WrappingRunnable.run(TaskThread.java:61)
	at java.lang.Thread.run(Thread.java:745)
